  main.cpp
C:\PostUniProjects\GraphicsEngine\GraphicsEngine\GraphicsEngine\shader.h(56,40): warning C4101: 'e': unreferenced local variable
C:\PostUniProjects\GraphicsEngine\GraphicsEngine\GraphicsEngine\main.cpp(162,28): warning C4244: 'initializing': conversion from 'double' to 'float', possible loss of data
C:\PostUniProjects\GraphicsEngine\GraphicsEngine\GraphicsEngine\main.cpp(182,27): warning C4244: '=': conversion from 'double' to 'T', possible loss of data
          with
          [
              T=float
          ]
C:\PostUniProjects\GraphicsEngine\GraphicsEngine\GraphicsEngine\main.cpp(183,27): warning C4244: '=': conversion from 'double' to 'T', possible loss of data
          with
          [
              T=float
          ]
C:\PostUniProjects\GraphicsEngine\GraphicsEngine\GraphicsEngine\main.cpp(184,27): warning C4244: '=': conversion from 'double' to 'T', possible loss of data
          with
          [
              T=float
          ]
C:\PostUniProjects\GraphicsEngine\GraphicsEngine\GraphicsEngine\main.cpp(276,17): warning C4244: '=': conversion from 'double' to 'float', possible loss of data
C:\PostUniProjects\GraphicsEngine\GraphicsEngine\GraphicsEngine\main.cpp(277,17): warning C4244: '=': conversion from 'double' to 'float', possible loss of data
C:\PostUniProjects\GraphicsEngine\GraphicsEngine\GraphicsEngine\main.cpp(281,19): warning C4244: 'initializing': conversion from 'double' to 'float', possible loss of data
C:\PostUniProjects\GraphicsEngine\GraphicsEngine\GraphicsEngine\main.cpp(282,19): warning C4244: 'initializing': conversion from 'double' to 'float', possible loss of data
C:\PostUniProjects\GraphicsEngine\GraphicsEngine\GraphicsEngine\main.cpp(284,13): warning C4244: '=': conversion from 'double' to 'float', possible loss of data
C:\PostUniProjects\GraphicsEngine\GraphicsEngine\GraphicsEngine\main.cpp(285,13): warning C4244: '=': conversion from 'double' to 'float', possible loss of data
C:\PostUniProjects\GraphicsEngine\GraphicsEngine\GraphicsEngine\main.cpp(294,31): warning C4244: 'argument': conversion from 'double' to 'float', possible loss of data
  GraphicsEngine.vcxproj -> C:\PostUniProjects\GraphicsEngine\GraphicsEngine\x64\Debug\GraphicsEngine.exe
